<?xml version="1.0" encoding="UTF-8" ?>
<testsuite errors="0" failures="0" hostname="Jay_PC" name="JumperTest" skipped="0" tests="10" time="0.094" timestamp="2015-08-21T09:29:27">
  <properties>
    <property name="java.vendor" value="Oracle Corporation" />
    <property name="env.USERDOMAIN_ROAMINGPROFILE" value="JAY_PC" />
    <property name="env.VS90COMNTOOLS" value="C:\Program Files (x86)\Microsoft Visual Studio 12.0\Common7\Tools\" />
    <property name="sun.java.launcher" value="SUN_STANDARD" />
    <property name="sun.management.compiler" value="HotSpot 64-Bit Tiered Compilers" />
    <property name="env.PROMPT" value="$P$G" />
    <property name="os.name" value="Windows 8.1" />
    <property name="env.FP_NO_HOST_CHECK" value="NO" />
    <property name="sun.boot.class.path" value="C:\Program Files\Java\jdk1.8.0\jre\lib\resources.jar;C:\Program Files\Java\jdk1.8.0\jre\lib\rt.jar;C:\Program Files\Java\jdk1.8.0\jre\lib\sunrsasign.jar;C:\Program Files\Java\jdk1.8.0\jre\lib\jsse.jar;C:\Program Files\Java\jdk1.8.0\jre\lib\jce.jar;C:\Program Files\Java\jdk1.8.0\jre\lib\charsets.jar;C:\Program Files\Java\jdk1.8.0\jre\lib\jfr.jar;C:\Program Files\Java\jdk1.8.0\jre\classes" />
    <property name="env.COMPUTERNAME" value="JAY_PC" />
    <property name="env.CommonProgramW6432" value="C:\Program Files\Common Files" />
    <property name="env.NDK_ROOT" value="F:\Android\android-ndk-r10e" />
    <property name="env.ALLUSERSPROFILE" value="C:\ProgramData" />
    <property name="sun.desktop" value="windows" />
    <property name="java.vm.specification.vendor" value="Oracle Corporation" />
    <property name="ant.home" value="F:\Android\apache-ant-1.9.5\bin\.." />
    <property name="java.runtime.version" value="1.8.0-b132" />
    <property name="env.HOMEPATH" value="\Users\Jay" />
    <property name="user.name" value="Jay" />
    <property name="user.language" value="zh" />
    <property name="sun.boot.library.path" value="C:\Program Files\Java\jdk1.8.0\jre\bin" />
    <property name="ant.project.default-target" value="build" />
    <property name="ant.project.name" value="GridWorld" />
    <property name="java.version" value="1.8.0" />
    <property name="env.PROCESSOR_IDENTIFIER" value="Intel64 Family 6 Model 58 Stepping 9, GenuineIntel" />
    <property name="user.timezone" value="Asia/Shanghai" />
    <property name="env.TEMP" value="C:\Users\Jay\AppData\Local\Temp" />
    <property name="sun.arch.data.model" value="64" />
    <property name="java.endorsed.dirs" value="C:\Program Files\Java\jdk1.8.0\jre\lib\endorsed" />
    <property name="env._JAVACMD" value="C:\Program Files\Java\jdk1.8.0\bin\java.exe" />
    <property name="sun.cpu.isalist" value="amd64" />
    <property name="env.HOMEDRIVE" value="C:" />
    <property name="sun.jnu.encoding" value="GBK" />
    <property name="file.encoding.pkg" value="sun.io" />
    <property name="env.VS110COMNTOOLS" value="C:\Program Files (x86)\Microsoft Visual Studio 11.0\Common7\Tools\" />
    <property name="file.separator" value="\" />
    <property name="java.specification.name" value="Java Platform API Specification" />
    <property name="java.class.version" value="52.0" />
    <property name="user.country" value="CN" />
    <property name="java.home" value="C:\Program Files\Java\jdk1.8.0\jre" />
    <property name="env.PSModulePath" value="C:\WINDOWS\system32\WindowsPowerShell\v1.0\Modules\" />
    <property name="env.APPDATA" value="C:\Users\Jay\AppData\Roaming" />
    <property name="env.PUBLIC" value="C:\Users\Public" />
    <property name="java.vm.info" value="mixed mode" />
    <property name="env.ComSpec" value="C:\WINDOWS\system32\cmd.exe" />
    <property name="env.OS" value="Windows_NT" />
    <property name="env.CommonProgramFiles" value="C:\Program Files\Common Files" />
    <property name="ant.file" value="C:\Users\Jay\Desktop\GA_237_Part3\build.xml" />
    <property name="os.version" value="6.3" />
    <property name="env.ProgramW6432" value="C:\Program Files" />
    <property name="env._USE_CLASSPATH" value="yes" />
    <property name="env.ANDROID_SDK_ROOT" value="F:\Android\sdk" />
    <property name="env.=::" value="::\" />
    <property name="path.separator" value=";" />
    <property name="java.vm.version" value="25.0-b70" />
    <property name="env.USERPROFILE" value="C:\Users\Jay" />
    <property name="user.variant" value="" />
    <property name="ant.library.dir" value="F:\Android\apache-ant-1.9.5\lib" />
    <property name="junit.output.dir" value="junit" />
    <property name="env.JAVA_HOME" value="C:\Program Files\Java\jdk1.8.0" />
    <property name="java.awt.printerjob" value="sun.awt.windows.WPrinterJob" />
    <property name="ant.file.GridWorld" value="C:\Users\Jay\Desktop\GA_237_Part3\build.xml" />
    <property name="env.TMP" value="C:\Users\Jay\AppData\Local\Temp" />
    <property name="env.FPS_BROWSER_USER_PROFILE_STRING" value="Default" />
    <property name="sun.io.unicode.encoding" value="UnicodeLittle" />
    <property name="awt.toolkit" value="sun.awt.windows.WToolkit" />
    <property name="sun.stdout.encoding" value="ms936" />
    <property name="user.script" value="" />
    <property name="user.home" value="C:\Users\Jay" />
    <property name="target" value="1.7" />
    <property name="env.LIBRARY_PATH" value="F:\Dev-Cpp\MinGW32\lib" />
    <property name="env.ProgramData" value="C:\ProgramData" />
    <property name="env.ProgramFiles(x86)" value="C:\Program Files (x86)" />
    <property name="env.SESSIONNAME" value="Console" />
    <property name="java.specification.vendor" value="Oracle Corporation" />
    <property name="env.CLASSPATH" value=".;C:\Program Files\Java\jdk1.8.0\lib\dt.jar;C:\Program Files\Java\jdk1.8.0\lib\tools.jar;" />
    <property name="env.ANT_ROOT" value="F:\Android\apache-ant-1.9.5\bin" />
    <property name="env.COCOS_CONSOLE_ROOT" value="F:\cocos-2d\cocos2d-x-3.6\tools\cocos2d-console\bin" />
    <property name="env.NUMBER_OF_PROCESSORS" value="8" />
    <property name="java.library.path" value="C:\Program Files\Java\jdk1.8.0\jre\bin;C:\WINDOWS\Sun\Java\bin;C:\WINDOWS\system32;C:\WINDOWS;C:\ProgramData\Oracle\Java\javapath;C:\Program Files (x86)\NVIDIA Corporation\PhysX\Common;C:\WINDOWS\system32;C:\WINDOWS;C:\WINDOWS\System32\Wbem;C:\WINDOWS\System32\WindowsPowerShell\v1.0\;F:\Dev-Cpp\MinGW32\bin;C:\Program Files (x86)\Windows Kits\8.1\Windows Performance Toolkit\;C:\Program Files\Microsoft SQL Server\110\Tools\Binn\;c:\python27;c:\python27\Scripts;C:\Program Files\Java\jdk1.8.0\bin;F:\Android\sdk;C:\Program Files\Microsoft\Web Platform Installer\;C:\Program Files\nodejs\;F:\SVN\bin;F:\QuickTime\QTSystem\;C:\Program Files (x86)\Microsoft SDKs\TypeScript\1.0\;C:\Program Files\Microsoft SQL Server\120\Tools\Binn\;C:\Program Files (x86)\Microsoft SQL Server\100\Tools\Binn\VSShell\Common7\IDE\;C:\Program Files (x86)\Microsoft SQL Server\100\Tools\Binn\;C:\Program Files\Microsoft SQL Server\100\Tools\Binn\;C:\Program Files (x86)\Microsoft SQL Server\100\DTS\Binn\;F:\Android\apache-ant-1.9.5\bin\;F:\Android\sdk\tools;F:\cocos-2d\cocos2d-x-3.6\templates;F:\cocos-2d\cocos2d-x-3.6\tools\cocos2d-console\bin;C:\Users\Jay\AppData\Roaming\npm;C:\Program Files\MongoDB\Server\3.0\bin\;F:\Android\apache-ant-1.9.5\bin\;;." />
    <property name="java.vendor.url" value="http://java.oracle.com/" />
    <property name="java.vm.vendor" value="Oracle Corporation" />
    <property name="java.runtime.name" value="Java(TM) SE Runtime Environment" />
    <property name="ant.version" value="Apache Ant(TM) version 1.9.5 compiled on May 31 2015" />
    <property name="java.class.path" value="C:\Users\Jay\Desktop\GA_237_Part3\bin;C:\Users\Jay\Desktop\GA_237_Part3\package\gridworld.jar;C:\Users\Jay\Desktop\GA_237_Part3\package\junit.jar;C:\Users\Jay\Desktop\GA_237_Part3\package\org.hamcrest.core_1.3.0.v201303031735.jar;C:\Users\Jay\Desktop\GA_237_Part3;C:\Program Files\Java\jdk1.8.0\lib\dt.jar;C:\Program Files\Java\jdk1.8.0\lib\tools.jar;F:\Android\apache-ant-1.9.5\lib\ant-launcher.jar;F:\Android\apache-ant-1.9.5\lib\ant.jar;F:\Android\apache-ant-1.9.5\lib\ant-junit.jar;F:\Android\apache-ant-1.9.5\lib\ant-junit4.jar" />
    <property name="sun.java.command" value="org.apache.tools.ant.taskdefs.optional.junit.JUnitTestRunner JumperTest skipNonTests=false filtertrace=true haltOnError=false haltOnFailure=false formatter=org.apache.tools.ant.taskdefs.optional.junit.OutErrSummaryJUnitResultFormatter showoutput=false outputtoformatters=true logfailedtests=true threadid=0 logtestlistenerevents=false formatter=org.apache.tools.ant.taskdefs.optional.junit.XMLJUnitResultFormatter,C:\Users\Jay\Desktop\GA_237_Part3\junit\TEST-JumperTest.xml crashfile=C:\Users\Jay\Desktop\GA_237_Part3\junitvmwatcher2761271372127576305.properties propsfile=C:\Users\Jay\Desktop\GA_237_Part3\junit7975491190875706371.properties" />
    <property name="java.vm.specification.name" value="Java Virtual Machine Specification" />
    <property name="ant.file.type.GridWorld" value="file" />
    <property name="ant.file.type" value="file" />
    <property name="env.LOGONSERVER" value="\\MicrosoftAccount" />
    <property name="env.windir" value="C:\WINDOWS" />
    <property name="java.vm.specification.version" value="1.8" />
    <property name="env.PROCESSOR_ARCHITECTURE" value="AMD64" />
    <property name="sun.cpu.endian" value="little" />
    <property name="sun.os.patch.level" value="" />
    <property name="debuglevel" value="source,lines,vars" />
    <property name="env.ProgramFiles" value="C:\Program Files" />
    <property name="env.ANT_HOME" value="F:\Android\apache-ant-1.9.5\bin\.." />
    <property name="env.PROCESSOR_REVISION" value="3a09" />
    <property name="java.io.tmpdir" value="C:\Users\Jay\AppData\Local\Temp\" />
    <property name="env.CommonProgramFiles(x86)" value="C:\Program Files (x86)\Common Files" />
    <property name="env.VS120COMNTOOLS" value="C:\Program Files (x86)\Microsoft Visual Studio 12.0\Common7\Tools\" />
    <property name="java.vendor.url.bug" value="http://bugreport.sun.com/bugreport/" />
    <property name="env.SystemRoot" value="C:\WINDOWS" />
    <property name="env.FPS_BROWSER_APP_PROFILE_STRING" value="Internet Explorer" />
    <property name="java.awt.graphicsenv" value="sun.awt.Win32GraphicsEnvironment" />
    <property name="os.arch" value="amd64" />
    <property name="env.ANT_CMD_LINE_ARGS" value=" JumperTest" />
    <property name="java.ext.dirs" value="C:\Program Files\Java\jdk1.8.0\jre\lib\ext;C:\WINDOWS\Sun\Java\lib\ext" />
    <property name="env.COCOS_TEMPLATES_ROOT" value="F:\cocos-2d\cocos2d-x-3.6\templates" />
    <property name="user.dir" value="C:\Users\Jay\Desktop\GA_237_Part3" />
    <property name="env.LOCALAPPDATA" value="C:\Users\Jay\AppData\Local" />
    <property name="line.separator" value="&#xd;&#xa;" />
    <property name="java.vm.name" value="Java HotSpot(TM) 64-Bit Server VM" />
    <property name="env.PATHEXT" value=".COM;.EXE;.BAT;.CMD;.VBS;.VBE;.JS;.JSE;.WSF;.WSH;.MSC;.PY;.PYM" />
    <property name="env.Path" value="C:\ProgramData\Oracle\Java\javapath;C:\Program Files (x86)\NVIDIA Corporation\PhysX\Common;C:\WINDOWS\system32;C:\WINDOWS;C:\WINDOWS\System32\Wbem;C:\WINDOWS\System32\WindowsPowerShell\v1.0\;F:\Dev-Cpp\MinGW32\bin;C:\Program Files (x86)\Windows Kits\8.1\Windows Performance Toolkit\;C:\Program Files\Microsoft SQL Server\110\Tools\Binn\;c:\python27;c:\python27\Scripts;C:\Program Files\Java\jdk1.8.0\bin;F:\Android\sdk;C:\Program Files\Microsoft\Web Platform Installer\;C:\Program Files\nodejs\;F:\SVN\bin;F:\QuickTime\QTSystem\;C:\Program Files (x86)\Microsoft SDKs\TypeScript\1.0\;C:\Program Files\Microsoft SQL Server\120\Tools\Binn\;C:\Program Files (x86)\Microsoft SQL Server\100\Tools\Binn\VSShell\Common7\IDE\;C:\Program Files (x86)\Microsoft SQL Server\100\Tools\Binn\;C:\Program Files\Microsoft SQL Server\100\Tools\Binn\;C:\Program Files (x86)\Microsoft SQL Server\100\DTS\Binn\;F:\Android\apache-ant-1.9.5\bin\;F:\Android\sdk\tools;F:\cocos-2d\cocos2d-x-3.6\templates;F:\cocos-2d\cocos2d-x-3.6\tools\cocos2d-console\bin;C:\Users\Jay\AppData\Roaming\npm;C:\Program Files\MongoDB\Server\3.0\bin\;F:\Android\apache-ant-1.9.5\bin\;" />
    <property name="basedir" value="C:\Users\Jay\Desktop\GA_237_Part3" />
    <property name="ant.java.version" value="1.8" />
    <property name="ant.core.lib" value="F:\Android\apache-ant-1.9.5\lib\ant.jar" />
    <property name="env.USERNAME" value="Jay" />
    <property name="env.SystemDrive" value="C:" />
    <property name="source" value="1.7" />
    <property name="file.encoding" value="GBK" />
    <property name="sun.stderr.encoding" value="ms936" />
    <property name="env.USERDOMAIN" value="JAY_PC" />
    <property name="java.specification.version" value="1.8" />
    <property name="env.=C:" value="C:\Users\Jay\Desktop\GA_237_Part3" />
    <property name="ant.project.invoked-targets" value="JumperTest" />
    <property name="env.PROCESSOR_LEVEL" value="6" />
    <property name="env.VBOX_MSI_INSTALL_PATH" value="F:\virtualbox\" />
  </properties>
  <testcase classname="JumperTest" name="testCanMJ" time="0.0" />
  <testcase classname="JumperTest" name="testAct1" time="0.0" />
  <testcase classname="JumperTest" name="testAct2" time="0.0" />
  <testcase classname="JumperTest" name="testAct3" time="0.015" />
  <testcase classname="JumperTest" name="testAct4" time="0.0" />
  <testcase classname="JumperTest" name="testJump" time="0.0" />
  <testcase classname="JumperTest" name="testTurn" time="0.0" />
  <testcase classname="JumperTest" name="testCanPutOntoLocation" time="0.0" />
  <testcase classname="JumperTest" name="testFlower" time="0.0" />
  <testcase classname="JumperTest" name="testJumperColor" time="0.0" />
  <system-out><![CDATA[]]></system-out>
  <system-err><![CDATA[]]></system-err>
</testsuite>
